#
# There is insufficient memory for the Java Runtime Environment to continue.
# Native memory allocation (malloc) failed to allocate 32744 bytes for ChunkPool::allocate
# Possible reasons:
#   The system is out of physical RAM or swap space
#   The process is running with CompressedOops enabled, and the Java Heap may be blocking the growth of the native heap
# Possible solutions:
#   Reduce memory load on the system
#   Increase physical memory or swap space
#   Check if swap backing store is full
#   Decrease Java heap size (-Xmx/-Xms)
#   Decrease number of Java threads
#   Decrease Java thread stack sizes (-Xss)
#   Set larger code cache with -XX:ReservedCodeCacheSize=
#   JVM is running with Unscaled Compressed Oops mode in which the Java heap is
#     placed in the first 4GB address space. The Java Heap base address is the
#     maximum limit for the native heap growth. Please use -XX:HeapBaseMinAddress
#     to set the Java Heap base and to place the Java Heap above 4GB virtual address.
# This output file may be truncated or incomplete.
#
#  Out of Memory Error (allocation.cpp:273), pid=764, tid=0x0000000000001af0
#
# JRE version: Java(TM) SE Runtime Environment (8.0_201-b09) (build 1.8.0_201-b09)
# Java VM: Java HotSpot(TM) 64-Bit Server VM (25.201-b09 mixed mode windows-amd64 compressed oops)
# Failed to write core dump. Minidumps are not enabled by default on client versions of Windows
#

---------------  T H R E A D  ---------------

Current thread (0x0000000058b9b000):  JavaThread "C2 CompilerThread0" daemon [_thread_in_native, id=6896, stack(0x0000000059ec0000,0x0000000059fc0000)]

Stack: [0x0000000059ec0000,0x0000000059fc0000]
[error occurred during error reporting (printing stack bounds), id 0xc0000005]

Native frames: (J=compiled Java code, j=interpreted, Vv=VM code, C=native code)


Current CompileTask:
C2:    221  231       4       java.util.Formatter::parse (151 bytes)


---------------  P R O C E S S  ---------------

Java Threads: ( => current thread )
  0x0000000058c4a800 JavaThread "Service Thread" daemon [_thread_blocked, id=2340, stack(0x000000005a850000,0x000000005a950000)]
  0x0000000058bcf800 JavaThread "C1 CompilerThread3" daemon [_thread_blocked, id=7352, stack(0x000000005a6b0000,0x000000005a7b0000)]
  0x0000000058bac000 JavaThread "C2 CompilerThread2" daemon [_thread_in_native, id=5140, stack(0x000000005a4d0000,0x000000005a5d0000)]
  0x0000000058ba3000 JavaThread "C2 CompilerThread1" daemon [_thread_in_native, id=7440, stack(0x000000005a330000,0x000000005a430000)]
=>0x0000000058b9b000 JavaThread "C2 CompilerThread0" daemon [_thread_in_native, id=6896, stack(0x0000000059ec0000,0x0000000059fc0000)]
  0x0000000058b8f000 JavaThread "Attach Listener" daemon [_thread_blocked, id=1768, stack(0x000000005a170000,0x000000005a270000)]
  0x0000000058b8e000 JavaThread "Signal Dispatcher" daemon [_thread_blocked, id=7928, stack(0x0000000059fc0000,0x000000005a0c0000)]
  0x00000000579c0000 JavaThread "Finalizer" daemon [_thread_blocked, id=6748, stack(0x0000000059d80000,0x0000000059e80000)]
  0x00000000579b7000 JavaThread "Reference Handler" daemon [_thread_blocked, id=9188, stack(0x0000000059b20000,0x0000000059c20000)]
  0x00000000006df800 JavaThread "main" [_thread_in_Java, id=7892, stack(0x0000000002710000,0x0000000002810000)]

Other Threads:
  0x0000000058b33800 VMThread [stack: 0x0000000059c60000,0x0000000059d60000] [id=9552]
  0x0000000058c5a000 WatcherThread [stack: 0x000000005a970000,0x000000005aa70000] [id=6340]

VM state:not at safepoint (normal execution)

VM Mutex/Monitor currently owned by a thread: None

heap address: 0x0000000081a00000, size: 2022 MB, Compressed Oops mode: 32-bit
Narrow klass base: 0x0000000000000000, Narrow klass shift: 0
Compressed class space size: 1073741824 Address: 0x0000000016fd0000

Heap:
 PSYoungGen      total 38400K, used 12646K [0x00000000d5e00000, 0x00000000d8880000, 0x0000000100000000)
  eden space 33280K, 38% used [0x00000000d5e00000,0x00000000d6a59b30,0x00000000d7e80000)
  from space 5120K, 0% used [0x00000000d8380000,0x00000000d8380000,0x00000000d8880000)
  to   space 5120K, 0% used [0x00000000d7e80000,0x00000000d7e80000,0x00000000d8380000)
 ParOldGen       total 87552K, used 0K [0x0000000081a00000, 0x0000000086f80000, 0x00000000d5e00000)
  object space 87552K, 0% used [0x0000000081a00000,0x0000000081a00000,0x0000000086f80000)
 Metaspace       used 3384K, capacity 4560K, committed 4864K, reserved 1056768K
  class space    used 373K, capacity 388K, committed 512K, reserved 1048576K

Card table byte_map: [0x0000000011bd0000,0x0000000011fd0000] byte_map_base: 0x00000000117c3000

Marking Bits: (ParMarkBitMap*) 0x000000006b6d4ce0
 Begin Bits: [0x0000000012ca0000, 0x0000000014c38000)
 End Bits:   [0x0000000014c38000, 0x0000000016bd0000)

Polling page: 0x00000000001b0000

CodeCache: size=245760Kb used=1569Kb max_used=1582Kb free=244190Kb
 bounds [0x0000000002810000, 0x0000000002a80000, 0x0000000011810000]
 total_blobs=471 nmethods=226 adapters=158
 compilation: enabled

Compilation events (10 events):
Event: 0.197 Thread 0x0000000058b9b000 nmethod 224 0x000000000298d4d0 code [0x000000000298d620, 0x000000000298db38]
Event: 0.197 Thread 0x0000000058b9b000  225       4       java.lang.Integer::toString (48 bytes)
Event: 0.197 Thread 0x0000000058bac000 nmethod 223 0x0000000002988a10 code [0x0000000002988b80, 0x0000000002989088]
Event: 0.197 Thread 0x0000000058bac000  227       4       java.util.ArrayList::toArray (60 bytes)
Event: 0.198 Thread 0x0000000058ba3000 nmethod 216 0x000000000299a6d0 code [0x000000000299a840, 0x000000000299b3e8]
Event: 0.198 Thread 0x0000000058ba3000  229   !   4       java.util.Formatter::format (271 bytes)
Event: 0.199 Thread 0x0000000058bac000 nmethod 227 0x0000000002996050 code [0x00000000029961a0, 0x0000000002996378]
Event: 0.199 Thread 0x0000000058bac000  228   !   4       java.io.PrintStream::format (86 bytes)
Event: 0.209 Thread 0x0000000058b9b000 nmethod 225 0x000000000299db90 code [0x000000000299dd00, 0x000000000299e598]
Event: 0.209 Thread 0x0000000058b9b000  231       4       java.util.Formatter::parse (151 bytes)

GC Heap History (0 events):
No events

Deoptimization events (0 events):
No events

Classes redefined (0 events):
No events

Internal exceptions (6 events):
Event: 0.031 Thread 0x00000000006df800 Exception <a 'java/lang/NoSuchMethodError': Method sun.misc.Unsafe.defineClass(Ljava/lang/String;[BII)Ljava/lang/Class; name or signature does not match> (0x00000000d5e07cb0) thrown at [C:\re\workspace\8-2-build-windows-amd64-cygwin\jdk8u201\12322\hotspot
Event: 0.031 Thread 0x00000000006df800 Exception <a 'java/lang/NoSuchMethodError': Method sun.misc.Unsafe.prefetchRead(Ljava/lang/Object;J)V name or signature does not match> (0x00000000d5e07f98) thrown at [C:\re\workspace\8-2-build-windows-amd64-cygwin\jdk8u201\12322\hotspot\src\share\vm\prim
Event: 0.110 Thread 0x00000000006df800 Exception <a 'java/security/PrivilegedActionException'> (0x00000000d5f751e8) thrown at [C:\re\workspace\8-2-build-windows-amd64-cygwin\jdk8u201\12322\hotspot\src\share\vm\prims\jvm.cpp, line 1502]
Event: 0.110 Thread 0x00000000006df800 Exception <a 'java/security/PrivilegedActionException'> (0x00000000d5f755e0) thrown at [C:\re\workspace\8-2-build-windows-amd64-cygwin\jdk8u201\12322\hotspot\src\share\vm\prims\jvm.cpp, line 1502]
Event: 0.110 Thread 0x00000000006df800 Exception <a 'java/security/PrivilegedActionException'> (0x00000000d5f79438) thrown at [C:\re\workspace\8-2-build-windows-amd64-cygwin\jdk8u201\12322\hotspot\src\share\vm\prims\jvm.cpp, line 1502]
Event: 0.110 Thread 0x00000000006df800 Exception <a 'java/security/PrivilegedActionException'> (0x00000000d5f79830) thrown at [C:\re\workspace\8-2-build-windows-amd64-cygwin\jdk8u201\12322\hotspot\src\share\vm\prims\jvm.cpp, line 1502]

Events (10 events):
Event: 0.124 loading class java/util/Formatter$Flags
Event: 0.124 loading class java/util/Formatter$Flags done
Event: 0.124 loading class java/util/Formatter$Conversion
Event: 0.124 loading class java/util/Formatter$Conversion done
Event: 0.124 loading class java/util/Formattable
Event: 0.124 loading class java/util/Formattable done
Event: 0.188 Thread 0x00000000006df800 DEOPT PACKING pc=0x000000000293d7c4 sp=0x000000000280f2a0
Event: 0.188 Thread 0x00000000006df800 DEOPT UNPACKING pc=0x0000000002857890 sp=0x000000000280eff0 mode 0
Event: 0.193 Thread 0x00000000006df800 DEOPT PACKING pc=0x0000000002953393 sp=0x000000000280f300
Event: 0.193 Thread 0x00000000006df800 DEOPT UNPACKING pc=0x0000000002857890 sp=0x000000000280efe8 mode 0


Dynamic libraries:
0x000000013f480000 - 0x000000013f4b7000 	C:\Program Files\Java\jre1.8.0_201\bin\javaw.exe
0x0000000076ec0000 - 0x000000007705f000 	C:\windows\SYSTEM32\ntdll.dll
0x0000000076da0000 - 0x0000000076ebf000 	C:\windows\system32\kernel32.dll
0x000007fefca30000 - 0x000007fefca9a000 	C:\windows\system32\KERNELBASE.dll
0x0000000074700000 - 0x0000000074787000 	C:\windows\System32\SYSFER.DLL
0x000007fefde20000 - 0x000007fefdefb000 	C:\windows\system32\ADVAPI32.dll
0x000007fefef10000 - 0x000007fefefaf000 	C:\windows\system32\msvcrt.dll
0x000007fefce80000 - 0x000007fefce9f000 	C:\windows\SYSTEM32\sechost.dll
0x000007fefed30000 - 0x000007fefee5c000 	C:\windows\system32\RPCRT4.dll
0x0000000076ca0000 - 0x0000000076d9a000 	C:\windows\system32\USER32.dll
0x000007fefe4e0000 - 0x000007fefe547000 	C:\windows\system32\GDI32.dll
0x000007fefcea0000 - 0x000007fefceae000 	C:\windows\system32\LPK.dll
0x000007fefe410000 - 0x000007fefe4db000 	C:\windows\system32\USP10.dll
0x000007fefaf80000 - 0x000007fefb175000 	C:\windows\WinSxS\amd64_microsoft.windows.common-controls_6595b64144ccf1df_6.0.7601.24380_none_e3731d0b30fb6b11\COMCTL32.dll
0x000007feff050000 - 0x000007feff0c1000 	C:\windows\system32\SHLWAPI.dll
0x000007fefeee0000 - 0x000007fefef0e000 	C:\windows\system32\IMM32.DLL
0x000007fefe550000 - 0x000007fefe659000 	C:\windows\system32\MSCTF.dll
0x000000006d130000 - 0x000000006d201000 	C:\Program Files\Java\jre1.8.0_201\bin\msvcr100.dll
0x000000006aeb0000 - 0x000000006b754000 	C:\Program Files\Java\jre1.8.0_201\bin\server\jvm.dll
0x000007fefb1d0000 - 0x000007fefb1d9000 	C:\windows\system32\WSOCK32.dll
0x000007fefe810000 - 0x000007fefe85d000 	C:\windows\system32\WS2_32.dll
0x000007fefcdd0000 - 0x000007fefcdd8000 	C:\windows\system32\NSI.dll
0x000007fefa5f0000 - 0x000007fefa62b000 	C:\windows\system32\WINMM.dll
0x000007fefbae0000 - 0x000007fefbaec000 	C:\windows\system32\VERSION.dll
0x0000000077070000 - 0x0000000077077000 	C:\windows\system32\PSAPI.DLL
0x000007fefb180000 - 0x000007fefb18f000 	C:\Program Files\Java\jre1.8.0_201\bin\verify.dll
0x000007fefa7b0000 - 0x000007fefa7d9000 	C:\Program Files\Java\jre1.8.0_201\bin\java.dll
0x000007fefa380000 - 0x000007fefa396000 	C:\Program Files\Java\jre1.8.0_201\bin\zip.dll
0x000007fefceb0000 - 0x000007fefdc3a000 	C:\windows\system32\SHELL32.dll
0x000007fefe860000 - 0x000007fefea5f000 	C:\windows\system32\ole32.dll
0x000007fefca20000 - 0x000007fefca2f000 	C:\windows\system32\profapi.dll

VM Arguments:
jvm_args: -Dfile.encoding=UTF-8 
java_command: com.testing.class3.Task4
java_class_path (initial): D:\JAVA_CODE\second_project\bin
Launcher Type: SUN_STANDARD

Environment Variables:
JAVA_HOME=C:\Program Files\Java\jdk1.8.0_201
PATH=C:/Program Files/Java/jre1.8.0_201/bin/server;C:/Program Files/Java/jre1.8.0_201/bin;C:/Program Files/Java/jre1.8.0_201/lib/amd64;C:\Program Files (x86)\Common Files\Oracle\Java\javapath;C:\Program Files (x86)\Google\Chrome\Application\;C:\Program Files\Python35\;C:\windows\system32;C:\windows;C:\windows\System32\Wbem;C:\windows\System32\WindowsPowerShell\v1.0\;D:\adb;C:\strawberry\c\bin;C:\strawberry\perl\bin;D:\platform-tools_r28.0.1-windows\platform-tools;C:\Users\jinshan.sandy\AppData\Local\Programs\Python\Python35;C:\Users\jinshan.sandy\AppData\Local\Programs\Python\Python35\Scripts;D:\Git\cmd;D:\nodejs\;C:\Program Files (x86)\Yarn\bin\;%JAVA_HOME%\bin;%JAVA_HOME%\jre\bin;C:\Users\jinshan.sandy\AppData\Local\Programs\Python\Python35\Scripts\;C:\Users\jinshan.sandy\AppData\Local\Programs\Python\Python35\;D:\openvpn\bin;C:\Users\jinshan.sandy\AppData\Roaming\npm;C:\Users\jinshan.sandy\AppData\Local\Yarn\bin;D:\eclipse;
USERNAME=jinshan.sandy
OS=Windows_NT
PROCESSOR_IDENTIFIER=Intel64 Family 6 Model 94 Stepping 3, GenuineIntel



---------------  S Y S T E M  ---------------

OS: Windows 7 , 64 bit Build 7601 (6.1.7601.24387)

CPU:total 8 (initial active 8) (4 cores per cpu, 2 threads per core) family 6 model 94 stepping 3, cmov, cx8, fxsr, mmx, sse, sse2, sse3, ssse3, sse4.1, sse4.2, popcnt, avx, avx2, aes, clmul, erms, rtm, 3dnowpref, lzcnt, ht, tsc, tscinvbit, bmi1, bmi2, adx

Memory: 4k page, physical 8277924k(1266404k free), swap 8276024k(5116k free)

vm_info: Java HotSpot(TM) 64-Bit Server VM (25.201-b09) for windows-amd64 JRE (1.8.0_201-b09), built on Dec 15 2018 18:36:39 by "java_re" with MS VC++ 10.0 (VS2010)

time: Thu Apr 18 15:54:15 2019
timezone: 中国标准时间
elapsed time: 0 seconds (0d 0h 0m 0s)

