#
# There is insufficient memory for the Java Runtime Environment to continue.
# Native memory allocation (malloc) failed to allocate 32744 bytes for ChunkPool::allocate
# Possible reasons:
#   The system is out of physical RAM or swap space
#   The process is running with CompressedOops enabled, and the Java Heap may be blocking the growth of the native heap
# Possible solutions:
#   Reduce memory load on the system
#   Increase physical memory or swap space
#   Check if swap backing store is full
#   Decrease Java heap size (-Xmx/-Xms)
#   Decrease number of Java threads
#   Decrease Java thread stack sizes (-Xss)
#   Set larger code cache with -XX:ReservedCodeCacheSize=
#   JVM is running with Unscaled Compressed Oops mode in which the Java heap is
#     placed in the first 4GB address space. The Java Heap base address is the
#     maximum limit for the native heap growth. Please use -XX:HeapBaseMinAddress
#     to set the Java Heap base and to place the Java Heap above 4GB virtual address.
# This output file may be truncated or incomplete.
#
#  Out of Memory Error (allocation.cpp:273), pid=7376, tid=0x00000000000000e4
#
# JRE version: Java(TM) SE Runtime Environment (8.0_201-b09) (build 1.8.0_201-b09)
# Java VM: Java HotSpot(TM) 64-Bit Server VM (25.201-b09 mixed mode windows-amd64 compressed oops)
# Failed to write core dump. Minidumps are not enabled by default on client versions of Windows
#

---------------  T H R E A D  ---------------

Current thread (0x0000000058a85000):  JavaThread "C2 CompilerThread1" daemon [_thread_in_native, id=228, stack(0x000000005a190000,0x000000005a290000)]

Stack: [0x000000005a190000,0x000000005a290000]
[error occurred during error reporting (printing stack bounds), id 0xc0000005]

Native frames: (J=compiled Java code, j=interpreted, Vv=VM code, C=native code)


Current CompileTask:
C2:    684  231   !   4       java.util.Formatter::format (271 bytes)


---------------  P R O C E S S  ---------------

Java Threads: ( => current thread )
  0x0000000058b25000 JavaThread "Service Thread" daemon [_thread_blocked, id=4388, stack(0x000000005a780000,0x000000005a880000)]
  0x0000000058aa1800 JavaThread "C1 CompilerThread3" daemon [_thread_blocked, id=2588, stack(0x000000005a610000,0x000000005a710000)]
  0x0000000058a8e800 JavaThread "C2 CompilerThread2" daemon [_thread_in_native, id=7128, stack(0x000000005a330000,0x000000005a430000)]
=>0x0000000058a85000 JavaThread "C2 CompilerThread1" daemon [_thread_in_native, id=228, stack(0x000000005a190000,0x000000005a290000)]
  0x0000000058a7c800 JavaThread "C2 CompilerThread0" daemon [_thread_blocked, id=9660, stack(0x0000000059f90000,0x000000005a090000)]
  0x0000000058a70800 JavaThread "Attach Listener" daemon [_thread_blocked, id=8412, stack(0x0000000059e70000,0x0000000059f70000)]
  0x0000000058a6f800 JavaThread "Signal Dispatcher" daemon [_thread_blocked, id=8812, stack(0x0000000059ba0000,0x0000000059ca0000)]
  0x00000000579ae000 JavaThread "Finalizer" daemon [_thread_blocked, id=4732, stack(0x0000000059960000,0x0000000059a60000)]
  0x00000000579a7000 JavaThread "Reference Handler" daemon [_thread_blocked, id=4224, stack(0x0000000059cd0000,0x0000000059dd0000)]
  0x0000000001fff800 JavaThread "main" [_thread_in_native, id=7920, stack(0x00000000026b0000,0x00000000027b0000)]

Other Threads:
  0x0000000058a13800 VMThread [stack: 0x0000000059a60000,0x0000000059b60000] [id=8168]
  0x0000000058b3c000 WatcherThread [stack: 0x000000005a090000,0x000000005a190000] [id=9324]

VM state:not at safepoint (normal execution)

VM Mutex/Monitor currently owned by a thread: None

heap address: 0x0000000081a00000, size: 2022 MB, Compressed Oops mode: 32-bit
Narrow klass base: 0x0000000000000000, Narrow klass shift: 0
Compressed class space size: 1073741824 Address: 0x0000000016fc0000

Heap:
 PSYoungGen      total 38400K, used 9984K [0x00000000d5e00000, 0x00000000d8880000, 0x0000000100000000)
  eden space 33280K, 30% used [0x00000000d5e00000,0x00000000d67c01f0,0x00000000d7e80000)
  from space 5120K, 0% used [0x00000000d8380000,0x00000000d8380000,0x00000000d8880000)
  to   space 5120K, 0% used [0x00000000d7e80000,0x00000000d7e80000,0x00000000d8380000)
 ParOldGen       total 87552K, used 0K [0x0000000081a00000, 0x0000000086f80000, 0x00000000d5e00000)
  object space 87552K, 0% used [0x0000000081a00000,0x0000000081a00000,0x0000000086f80000)
 Metaspace       used 3384K, capacity 4560K, committed 4864K, reserved 1056768K
  class space    used 373K, capacity 388K, committed 512K, reserved 1048576K

Card table byte_map: [0x0000000011b70000,0x0000000011f70000] byte_map_base: 0x0000000011763000

Marking Bits: (ParMarkBitMap*) 0x000000006b6d4ce0
 Begin Bits: [0x0000000012c90000, 0x0000000014c28000)
 End Bits:   [0x0000000014c28000, 0x0000000016bc0000)

Polling page: 0x0000000000230000

CodeCache: size=245760Kb used=1643Kb max_used=1667Kb free=244116Kb
 bounds [0x00000000027b0000, 0x0000000002a20000, 0x00000000117b0000]
 total_blobs=476 nmethods=231 adapters=158
 compilation: enabled

Compilation events (10 events):
Event: 0.224 Thread 0x0000000058a8e800  229       4       java.lang.Integer::toString (48 bytes)
Event: 0.227 Thread 0x0000000058a7c800 nmethod 228 0x0000000002934390 code [0x00000000029344e0, 0x00000000029349f8]
Event: 0.227 Thread 0x0000000058a7c800  232       4       java.util.Formatter::parse (151 bytes)
Event: 0.230 Thread 0x0000000058a85000 nmethod 227 0x0000000002938010 code [0x0000000002938180, 0x0000000002938a18]
Event: 0.230 Thread 0x0000000058a85000  231   !   4       java.util.Formatter::format (271 bytes)
Event: 0.250 Thread 0x0000000058a8e800 nmethod 229 0x0000000002941610 code [0x0000000002941780, 0x0000000002942018]
Event: 0.250 Thread 0x0000000058a8e800  233       4       java.lang.StringBuilder::append (8 bytes)
Event: 0.256 Thread 0x0000000058a8e800 nmethod 233 0x00000000029376d0 code [0x0000000002937820, 0x0000000002937c48]
Event: 0.256 Thread 0x0000000058a8e800  230   !   4       java.io.PrintStream::format (86 bytes)
Event: 0.483 Thread 0x0000000058a7c800 nmethod 232 0x0000000002947990 code [0x00000000029482a0, 0x000000000294cc98]

GC Heap History (0 events):
No events

Deoptimization events (0 events):
No events

Classes redefined (0 events):
No events

Internal exceptions (6 events):
Event: 0.034 Thread 0x0000000001fff800 Exception <a 'java/lang/NoSuchMethodError': Method sun.misc.Unsafe.defineClass(Ljava/lang/String;[BII)Ljava/lang/Class; name or signature does not match> (0x00000000d5e07cb0) thrown at [C:\re\workspace\8-2-build-windows-amd64-cygwin\jdk8u201\12322\hotspot
Event: 0.034 Thread 0x0000000001fff800 Exception <a 'java/lang/NoSuchMethodError': Method sun.misc.Unsafe.prefetchRead(Ljava/lang/Object;J)V name or signature does not match> (0x00000000d5e07f98) thrown at [C:\re\workspace\8-2-build-windows-amd64-cygwin\jdk8u201\12322\hotspot\src\share\vm\prim
Event: 0.101 Thread 0x0000000001fff800 Exception <a 'java/security/PrivilegedActionException'> (0x00000000d5f751e8) thrown at [C:\re\workspace\8-2-build-windows-amd64-cygwin\jdk8u201\12322\hotspot\src\share\vm\prims\jvm.cpp, line 1502]
Event: 0.101 Thread 0x0000000001fff800 Exception <a 'java/security/PrivilegedActionException'> (0x00000000d5f755e0) thrown at [C:\re\workspace\8-2-build-windows-amd64-cygwin\jdk8u201\12322\hotspot\src\share\vm\prims\jvm.cpp, line 1502]
Event: 0.101 Thread 0x0000000001fff800 Exception <a 'java/security/PrivilegedActionException'> (0x00000000d5f79438) thrown at [C:\re\workspace\8-2-build-windows-amd64-cygwin\jdk8u201\12322\hotspot\src\share\vm\prims\jvm.cpp, line 1502]
Event: 0.101 Thread 0x0000000001fff800 Exception <a 'java/security/PrivilegedActionException'> (0x00000000d5f79830) thrown at [C:\re\workspace\8-2-build-windows-amd64-cygwin\jdk8u201\12322\hotspot\src\share\vm\prims\jvm.cpp, line 1502]

Events (10 events):
Event: 0.115 loading class java/util/Formatter$FormatSpecifier
Event: 0.116 loading class java/util/Formatter$FormatString
Event: 0.116 loading class java/util/Formatter$FormatString done
Event: 0.116 loading class java/util/Formatter$FormatSpecifier done
Event: 0.116 loading class java/util/Formatter$Flags
Event: 0.116 loading class java/util/Formatter$Flags done
Event: 0.116 loading class java/util/Formatter$Conversion
Event: 0.116 loading class java/util/Formatter$Conversion done
Event: 0.116 loading class java/util/Formattable
Event: 0.116 loading class java/util/Formattable done


Dynamic libraries:
0x000000013f480000 - 0x000000013f4b7000 	C:\Program Files\Java\jre1.8.0_201\bin\javaw.exe
0x0000000076ec0000 - 0x000000007705f000 	C:\windows\SYSTEM32\ntdll.dll
0x0000000076da0000 - 0x0000000076ebf000 	C:\windows\system32\kernel32.dll
0x000007fefca30000 - 0x000007fefca9a000 	C:\windows\system32\KERNELBASE.dll
0x0000000074700000 - 0x0000000074787000 	C:\windows\System32\SYSFER.DLL
0x000007fefde20000 - 0x000007fefdefb000 	C:\windows\system32\ADVAPI32.dll
0x000007fefef10000 - 0x000007fefefaf000 	C:\windows\system32\msvcrt.dll
0x000007fefce80000 - 0x000007fefce9f000 	C:\windows\SYSTEM32\sechost.dll
0x000007fefed30000 - 0x000007fefee5c000 	C:\windows\system32\RPCRT4.dll
0x0000000076ca0000 - 0x0000000076d9a000 	C:\windows\system32\USER32.dll
0x000007fefe4e0000 - 0x000007fefe547000 	C:\windows\system32\GDI32.dll
0x000007fefcea0000 - 0x000007fefceae000 	C:\windows\system32\LPK.dll
0x000007fefe410000 - 0x000007fefe4db000 	C:\windows\system32\USP10.dll
0x000007fefaf80000 - 0x000007fefb175000 	C:\windows\WinSxS\amd64_microsoft.windows.common-controls_6595b64144ccf1df_6.0.7601.24380_none_e3731d0b30fb6b11\COMCTL32.dll
0x000007feff050000 - 0x000007feff0c1000 	C:\windows\system32\SHLWAPI.dll
0x000007fefeee0000 - 0x000007fefef0e000 	C:\windows\system32\IMM32.DLL
0x000007fefe550000 - 0x000007fefe659000 	C:\windows\system32\MSCTF.dll
0x000000006d130000 - 0x000000006d201000 	C:\Program Files\Java\jre1.8.0_201\bin\msvcr100.dll
0x000000006aeb0000 - 0x000000006b754000 	C:\Program Files\Java\jre1.8.0_201\bin\server\jvm.dll
0x000007fefb1d0000 - 0x000007fefb1d9000 	C:\windows\system32\WSOCK32.dll
0x000007fefe810000 - 0x000007fefe85d000 	C:\windows\system32\WS2_32.dll
0x000007fefcdd0000 - 0x000007fefcdd8000 	C:\windows\system32\NSI.dll
0x000007fefa5f0000 - 0x000007fefa62b000 	C:\windows\system32\WINMM.dll
0x000007fefbae0000 - 0x000007fefbaec000 	C:\windows\system32\VERSION.dll
0x0000000077070000 - 0x0000000077077000 	C:\windows\system32\PSAPI.DLL
0x000007fefb180000 - 0x000007fefb18f000 	C:\Program Files\Java\jre1.8.0_201\bin\verify.dll
0x000007fefa7b0000 - 0x000007fefa7d9000 	C:\Program Files\Java\jre1.8.0_201\bin\java.dll
0x000007fefa380000 - 0x000007fefa396000 	C:\Program Files\Java\jre1.8.0_201\bin\zip.dll
0x000007fefceb0000 - 0x000007fefdc3a000 	C:\windows\system32\SHELL32.dll
0x000007fefe860000 - 0x000007fefea5f000 	C:\windows\system32\ole32.dll
0x000007fefca20000 - 0x000007fefca2f000 	C:\windows\system32\profapi.dll

VM Arguments:
jvm_args: -Dfile.encoding=UTF-8 
java_command: com.testing.class3.Task4
java_class_path (initial): D:\JAVA_CODE\second_project\bin
Launcher Type: SUN_STANDARD

Environment Variables:
JAVA_HOME=C:\Program Files\Java\jdk1.8.0_201
PATH=C:/Program Files/Java/jre1.8.0_201/bin/server;C:/Program Files/Java/jre1.8.0_201/bin;C:/Program Files/Java/jre1.8.0_201/lib/amd64;C:\Program Files (x86)\Common Files\Oracle\Java\javapath;C:\Program Files (x86)\Google\Chrome\Application\;C:\Program Files\Python35\;C:\windows\system32;C:\windows;C:\windows\System32\Wbem;C:\windows\System32\WindowsPowerShell\v1.0\;D:\adb;C:\strawberry\c\bin;C:\strawberry\perl\bin;D:\platform-tools_r28.0.1-windows\platform-tools;C:\Users\jinshan.sandy\AppData\Local\Programs\Python\Python35;C:\Users\jinshan.sandy\AppData\Local\Programs\Python\Python35\Scripts;D:\Git\cmd;D:\nodejs\;C:\Program Files (x86)\Yarn\bin\;%JAVA_HOME%\bin;%JAVA_HOME%\jre\bin;C:\Users\jinshan.sandy\AppData\Local\Programs\Python\Python35\Scripts\;C:\Users\jinshan.sandy\AppData\Local\Programs\Python\Python35\;D:\openvpn\bin;C:\Users\jinshan.sandy\AppData\Roaming\npm;C:\Users\jinshan.sandy\AppData\Local\Yarn\bin;D:\eclipse;
USERNAME=jinshan.sandy
OS=Windows_NT
PROCESSOR_IDENTIFIER=Intel64 Family 6 Model 94 Stepping 3, GenuineIntel



---------------  S Y S T E M  ---------------

OS: Windows 7 , 64 bit Build 7601 (6.1.7601.24387)

CPU:total 8 (initial active 8) (4 cores per cpu, 2 threads per core) family 6 model 94 stepping 3, cmov, cx8, fxsr, mmx, sse, sse2, sse3, ssse3, sse4.1, sse4.2, popcnt, avx, avx2, aes, clmul, erms, rtm, 3dnowpref, lzcnt, ht, tsc, tscinvbit, bmi1, bmi2, adx

Memory: 4k page, physical 8277924k(1263820k free), swap 8276024k(5100k free)

vm_info: Java HotSpot(TM) 64-Bit Server VM (25.201-b09) for windows-amd64 JRE (1.8.0_201-b09), built on Dec 15 2018 18:36:39 by "java_re" with MS VC++ 10.0 (VS2010)

time: Thu Apr 18 15:53:20 2019
timezone: 中国标准时间
elapsed time: 0 seconds (0d 0h 0m 0s)

