#
# There is insufficient memory for the Java Runtime Environment to continue.
# Native memory allocation (malloc) failed to allocate 1048576 bytes for AllocateHeap
# Possible reasons:
#   The system is out of physical RAM or swap space
#   The process is running with CompressedOops enabled, and the Java Heap may be blocking the growth of the native heap
# Possible solutions:
#   Reduce memory load on the system
#   Increase physical memory or swap space
#   Check if swap backing store is full
#   Decrease Java heap size (-Xmx/-Xms)
#   Decrease number of Java threads
#   Decrease Java thread stack sizes (-Xss)
#   Set larger code cache with -XX:ReservedCodeCacheSize=
#   JVM is running with Unscaled Compressed Oops mode in which the Java heap is
#     placed in the first 4GB address space. The Java Heap base address is the
#     maximum limit for the native heap growth. Please use -XX:HeapBaseMinAddress
#     to set the Java Heap base and to place the Java Heap above 4GB virtual address.
# This output file may be truncated or incomplete.
#
#  Out of Memory Error (memory/allocation.inline.hpp:61), pid=3084, tid=0x00000000000019fc
#
# JRE version:  (8.0_201-b09) (build )
# Java VM: Java HotSpot(TM) 64-Bit Server VM (25.201-b09 mixed mode windows-amd64 compressed oops)
# Failed to write core dump. Minidumps are not enabled by default on client versions of Windows
#

---------------  T H R E A D  ---------------

Current thread (0x00000000024ff800):  JavaThread "Unknown thread" [_thread_in_vm, id=6652, stack(0x00000000027d0000,0x00000000028d0000)]

Stack: [0x00000000027d0000,0x00000000028d0000]
[error occurred during error reporting (printing stack bounds), id 0xc0000005]

Native frames: (J=compiled Java code, j=interpreted, Vv=VM code, C=native code)


---------------  P R O C E S S  ---------------

Java Threads: ( => current thread )

Other Threads:

=>0x00000000024ff800 (exited) JavaThread "Unknown thread" [_thread_in_vm, id=6652, stack(0x00000000027d0000,0x00000000028d0000)]

VM state:not at safepoint (normal execution)

VM Mutex/Monitor currently owned by a thread: None

heap address: 0x0000000081a00000, size: 2022 MB, Compressed Oops mode: 32-bit
Narrow klass base: 0x0000000000000000, Narrow klass shift: 0
Compressed class space size: 1073741824 Address: 0x00000000170d0000

Heap:
 PSYoungGen      total 38400K, used 665K [0x00000000d5e00000, 0x00000000d8880000, 0x0000000100000000)
  eden space 33280K, 2% used [0x00000000d5e00000,0x00000000d5ea6670,0x00000000d7e80000)
  from space 5120K, 0% used [0x00000000d8380000,0x00000000d8380000,0x00000000d8880000)
  to   space 5120K, 0% used [0x00000000d7e80000,0x00000000d7e80000,0x00000000d8380000)
 ParOldGen       total 87552K, used 0K [0x0000000081a00000, 0x0000000086f80000, 0x00000000d5e00000)
  object space 87552K, 0% used [0x0000000081a00000,0x0000000081a00000,0x0000000086f80000)
 Metaspace       used 751K, capacity 4480K, committed 4480K, reserved 1056768K
  class space    used 76K, capacity 384K, committed 384K, reserved 1048576K

Card table byte_map: [0x0000000011c90000,0x0000000012090000] byte_map_base: 0x0000000011883000

Marking Bits: (ParMarkBitMap*) 0x0000000058444ce0
 Begin Bits: [0x0000000012da0000, 0x0000000014d38000)
 End Bits:   [0x0000000014d38000, 0x0000000016cd0000)

Polling page: 0x0000000000230000

CodeCache: size=245760Kb used=328Kb max_used=328Kb free=245431Kb
 bounds [0x00000000028d0000, 0x0000000002b40000, 0x00000000118d0000]
 total_blobs=58 nmethods=0 adapters=38
 compilation: enabled

Compilation events (0 events):
No events

GC Heap History (0 events):
No events

Deoptimization events (0 events):
No events

Classes redefined (0 events):
No events

Internal exceptions (0 events):
No events

Events (10 events):
Event: 0.028 loading class java/lang/Short
Event: 0.028 loading class java/lang/Short done
Event: 0.028 loading class java/lang/Integer
Event: 0.028 loading class java/lang/Integer done
Event: 0.028 loading class java/lang/Long
Event: 0.028 loading class java/lang/Long done
Event: 0.029 loading class java/lang/NullPointerException
Event: 0.029 loading class java/lang/NullPointerException done
Event: 0.029 loading class java/lang/ArithmeticException
Event: 0.029 loading class java/lang/ArithmeticException done


Dynamic libraries:
0x000000013fec0000 - 0x000000013fef7000 	C:\Program Files\Java\jre1.8.0_201\bin\javaw.exe
0x0000000076ec0000 - 0x000000007705f000 	C:\windows\SYSTEM32\ntdll.dll
0x0000000076da0000 - 0x0000000076ebf000 	C:\windows\system32\kernel32.dll
0x000007fefca30000 - 0x000007fefca9a000 	C:\windows\system32\KERNELBASE.dll
0x0000000074700000 - 0x0000000074787000 	C:\windows\System32\SYSFER.DLL
0x000007fefde20000 - 0x000007fefdefb000 	C:\windows\system32\ADVAPI32.dll
0x000007fefef10000 - 0x000007fefefaf000 	C:\windows\system32\msvcrt.dll
0x000007fefce80000 - 0x000007fefce9f000 	C:\windows\SYSTEM32\sechost.dll
0x000007fefed30000 - 0x000007fefee5c000 	C:\windows\system32\RPCRT4.dll
0x0000000076ca0000 - 0x0000000076d9a000 	C:\windows\system32\USER32.dll
0x000007fefe4e0000 - 0x000007fefe547000 	C:\windows\system32\GDI32.dll
0x000007fefcea0000 - 0x000007fefceae000 	C:\windows\system32\LPK.dll
0x000007fefe410000 - 0x000007fefe4db000 	C:\windows\system32\USP10.dll
0x000007fefaf80000 - 0x000007fefb175000 	C:\windows\WinSxS\amd64_microsoft.windows.common-controls_6595b64144ccf1df_6.0.7601.24380_none_e3731d0b30fb6b11\COMCTL32.dll
0x000007feff050000 - 0x000007feff0c1000 	C:\windows\system32\SHLWAPI.dll
0x000007fefeee0000 - 0x000007fefef0e000 	C:\windows\system32\IMM32.DLL
0x000007fefe550000 - 0x000007fefe659000 	C:\windows\system32\MSCTF.dll
0x00000000615b0000 - 0x0000000061681000 	C:\Program Files\Java\jre1.8.0_201\bin\msvcr100.dll
0x0000000057c20000 - 0x00000000584c4000 	C:\Program Files\Java\jre1.8.0_201\bin\server\jvm.dll
0x000007fefb1f0000 - 0x000007fefb1f9000 	C:\windows\system32\WSOCK32.dll
0x000007fefe810000 - 0x000007fefe85d000 	C:\windows\system32\WS2_32.dll
0x000007fefcdd0000 - 0x000007fefcdd8000 	C:\windows\system32\NSI.dll
0x000007fefa5f0000 - 0x000007fefa62b000 	C:\windows\system32\WINMM.dll
0x000007fefbae0000 - 0x000007fefbaec000 	C:\windows\system32\VERSION.dll
0x0000000077070000 - 0x0000000077077000 	C:\windows\system32\PSAPI.DLL
0x000007fef2ad0000 - 0x000007fef2adf000 	C:\Program Files\Java\jre1.8.0_201\bin\verify.dll
0x000007fee83d0000 - 0x000007fee83f9000 	C:\Program Files\Java\jre1.8.0_201\bin\java.dll
0x000007feed410000 - 0x000007feed426000 	C:\Program Files\Java\jre1.8.0_201\bin\zip.dll

VM Arguments:
jvm_args: -Dfile.encoding=UTF-8 
java_command: com.testing.class3.Task4
java_class_path (initial): D:\JAVA_CODE\second_project\bin
Launcher Type: SUN_STANDARD

Environment Variables:
JAVA_HOME=C:\Program Files\Java\jdk1.8.0_201
PATH=C:/Program Files/Java/jre1.8.0_201/bin/server;C:/Program Files/Java/jre1.8.0_201/bin;C:/Program Files/Java/jre1.8.0_201/lib/amd64;C:\Program Files (x86)\Common Files\Oracle\Java\javapath;C:\Program Files (x86)\Google\Chrome\Application\;C:\Program Files\Python35\;C:\windows\system32;C:\windows;C:\windows\System32\Wbem;C:\windows\System32\WindowsPowerShell\v1.0\;D:\adb;C:\strawberry\c\bin;C:\strawberry\perl\bin;D:\platform-tools_r28.0.1-windows\platform-tools;C:\Users\jinshan.sandy\AppData\Local\Programs\Python\Python35;C:\Users\jinshan.sandy\AppData\Local\Programs\Python\Python35\Scripts;D:\Git\cmd;D:\nodejs\;C:\Program Files (x86)\Yarn\bin\;%JAVA_HOME%\bin;%JAVA_HOME%\jre\bin;C:\Users\jinshan.sandy\AppData\Local\Programs\Python\Python35\Scripts\;C:\Users\jinshan.sandy\AppData\Local\Programs\Python\Python35\;D:\openvpn\bin;C:\Users\jinshan.sandy\AppData\Roaming\npm;C:\Users\jinshan.sandy\AppData\Local\Yarn\bin;D:\eclipse;
USERNAME=jinshan.sandy
OS=Windows_NT
PROCESSOR_IDENTIFIER=Intel64 Family 6 Model 94 Stepping 3, GenuineIntel



---------------  S Y S T E M  ---------------

OS: Windows 7 , 64 bit Build 7601 (6.1.7601.24387)

CPU:total 8 (initial active 8) (4 cores per cpu, 2 threads per core) family 6 model 94 stepping 3, cmov, cx8, fxsr, mmx, sse, sse2, sse3, ssse3, sse4.1, sse4.2, popcnt, avx, avx2, aes, clmul, erms, rtm, 3dnowpref, lzcnt, ht, tsc, tscinvbit, bmi1, bmi2, adx

Memory: 4k page, physical 8277924k(1011908k free), swap 8276024k(5356k free)

vm_info: Java HotSpot(TM) 64-Bit Server VM (25.201-b09) for windows-amd64 JRE (1.8.0_201-b09), built on Dec 15 2018 18:36:39 by "java_re" with MS VC++ 10.0 (VS2010)

time: Thu Apr 18 15:06:18 2019
timezone: 中国标准时间
elapsed time: 0 seconds (0d 0h 0m 0s)

